Removed Member From Class: ClassName=Sheet1 Member=P?
Removed Member From Class: ClassName=Sheet1 Member=R33
Change Component Designator: OldDesignator=*? NewDesignator=*2
Change Component Designator: OldDesignator=C2 NewDesignator=C3
Change Component Designator: OldDesignator=C3 NewDesignator=C16
Change Component Designator: OldDesignator=C4 NewDesignator=C5
Change Component Designator: OldDesignator=C5 NewDesignator=C6
Change Component Designator: OldDesignator=C6 NewDesignator=C7
Change Component Designator: OldDesignator=C7 NewDesignator=C8
Change Component Designator: OldDesignator=C8 NewDesignator=C9
Change Component Designator: OldDesignator=C9 NewDesignator=C2
Change Component Designator: OldDesignator=C11 NewDesignator=C4
Change Component Designator: OldDesignator=C12 NewDesignator=C11
Change Component Designator: OldDesignator=C13 NewDesignator=C12
Change Component Designator: OldDesignator=C14 NewDesignator=C13
Change Component Designator: OldDesignator=C16 NewDesignator=C14
Change Component Designator: OldDesignator=D7 NewDesignator=D6
Change Component Designator: OldDesignator=D8 NewDesignator=D7
Change Component Designator: OldDesignator=D9 NewDesignator=D8
Change Component Designator: OldDesignator=MOS? NewDesignator=MOS1
Change Component Designator: OldDesignator=MOS? NewDesignator=MOS2
Change Component Designator: OldDesignator=MOS? NewDesignator=MOS3
Change Component Designator: OldDesignator=MOS? NewDesignator=MOS4
Change Component Designator: OldDesignator=P1 NewDesignator=P5
Change Component Designator: OldDesignator=P3 NewDesignator=P1
Change Component Designator: OldDesignator=P4 NewDesignator=P6
Change Component Designator: OldDesignator=P5 NewDesignator=P3
Change Component Designator: OldDesignator=P? NewDesignator=P4
Change Component Designator: OldDesignator=Q4 NewDesignator=Q1
Change Component Designator: OldDesignator=R1 NewDesignator=R3
Change Component Designator: OldDesignator=R2 NewDesignator=R16
Change Component Designator: OldDesignator=R3 NewDesignator=R1
Change Component Designator: OldDesignator=R4 NewDesignator=R2
Change Component Designator: OldDesignator=R5 NewDesignator=R6
Change Component Designator: OldDesignator=R6 NewDesignator=R4
Change Component Designator: OldDesignator=R15 NewDesignator=R5
Change Component Designator: OldDesignator=R16 NewDesignator=R15
Change Component Designator: OldDesignator=R18 NewDesignator=R19
Change Component Designator: OldDesignator=R20 NewDesignator=R21
Change Component Designator: OldDesignator=R21 NewDesignator=R18
Change Component Designator: OldDesignator=R27 NewDesignator=R20
Change Component Designator: OldDesignator=R28 NewDesignator=R22
Change Component Designator: OldDesignator=R29 NewDesignator=R23
Change Component Designator: OldDesignator=R30 NewDesignator=R24
Change Component Designator: OldDesignator=R31 NewDesignator=R25
Change Component Designator: OldDesignator=R32 NewDesignator=R26
Change Component Designator: OldDesignator=R33 NewDesignator=R27
Change Component Designator: OldDesignator=R34 NewDesignator=R28
Change Component Designator: OldDesignator=R35 NewDesignator=R30
Change Component Designator: OldDesignator=R36 NewDesignator=R31
Change Component Designator: OldDesignator=R37 NewDesignator=R29
Change Component Designator: OldDesignator=R38 NewDesignator=R32
Change Net Name : Old Net Name=Net*?_1 New Net Name=Net*2_1
Change Net Name : Old Net Name=Net*?_2 New Net Name=Net*2_2
Change Net Name : Old Net Name=Net*?_3 New Net Name=Net*2_3
Change Net Name : Old Net Name=Net*?_4 New Net Name=Net*2_4
Change Net Name : Old Net Name=NetC6_1 New Net Name=NetC7_1
Change Net Name : Old Net Name=NetC13_1 New Net Name=NetC12_1
Change Net Name : Old Net Name=NetC13_2 New Net Name=NetC12_2
Change Net Name : Old Net Name=NetD7_1 New Net Name=NetD6_1
Change Net Name : Old Net Name=NetD8_1 New Net Name=NetD7_1
Change Net Name : Old Net Name=NetD9_1 New Net Name=NetD8_1
Change Net Name : Old Net Name=NetMOS?_1 New Net Name=NetMOS2_1
Change Net Name : Old Net Name=NetP4_1 New Net Name=NetP6_1
Change Net Name : Old Net Name=NetQ4_1 New Net Name=NetQ1_1
Added Pin To Net: NetName=NetMOS1_1 Pin=MOS1-1
Added Pin To Net: NetName=NetMOS1_1 Pin=R2-1
Added Net: Name=NetMOS1_1
Added Pin To Net: NetName=NetMOS3_1 Pin=MOS3-1
Added Pin To Net: NetName=NetMOS3_1 Pin=R7-1
Added Net: Name=NetMOS3_1
Added Pin To Net: NetName=NetMOS4_1 Pin=MOS4-1
Added Pin To Net: NetName=NetMOS4_1 Pin=R4-2
Added Net: Name=NetMOS4_1
Added Member To Class: ClassName=Sheet1 Member=Component MOS1 MOSFET_N
Added Member To Class: ClassName=Sheet1 Member=Component MOS2 MOSFET_N
Added Member To Class: ClassName=Sheet1 Member=Component MOS4 MOSFET_N
Added Member To Class: ClassName=Sheet1 Member=Component P6 HDR1x2_2.54
Added Member To Class: ClassName=Sheet1 Member=Component R19 Res_0603
Added Room: Name=Sheet1
