Removed Pin From Net: NetName=PGND Pin=*-1
Removed Pin From Net: NetName=CAN_H Pin=*-2
Removed Pin From Net: NetName=CAN_L Pin=*-3
Removed Pin From Net: NetName=VIN Pin=*-4
Removed Pin From Net: NetName=12V Pin=*?-5
Removed Pin From Net: NetName=PGND Pin=Green_6p-1
Removed Pin From Net: NetName=S_A Pin=Green_6p-2
Removed Pin From Net: NetName=S_B Pin=Green_6p-3
Removed Pin From Net: NetName=MOT+ Pin=Green_6p-4
Removed Pin From Net: NetName=MOT- Pin=Green_6p-5
Removed Pin From Net: NetName=5V Pin=Green_6p-6
Removed Member From Class: ClassName=Sheet1 Member=*
Removed Member From Class: ClassName=Sheet1 Member=Green_6p
Change Component Footprint: Designator=XT1 Old Footprint=XT_2012_2 New Footprint=XT_5032_2
Added Component: Designator=P?(Green_10P)
Add component. Clean all parameters for all variants
Add component (AddParameter): Name = "LatestRevisionDate"; Value = "17-Jul-2002"; VariantName = "[No Variations]"
Add component (AddParameter): Name = "LatestRevisionNote"; Value = "Re-released for DXP Platform."; VariantName = "[No Variations]"
Add component (AddParameter): Name = "Publisher"; Value = "Altium Limited"; VariantName = "[No Variations]"
Added Pin To Net: NetName=5V Pin=*?-5
Added Pin To Net: NetName=VIN Pin=P?-1
Added Pin To Net: NetName=PGND Pin=P?-2
Added Pin To Net: NetName=MOT+ Pin=P?-3
Added Pin To Net: NetName=MOT- Pin=P?-4
Added Pin To Net: NetName=5V Pin=P?-5
Added Pin To Net: NetName=S_A Pin=P?-6
Added Pin To Net: NetName=S_B Pin=P?-7
Added Pin To Net: NetName=PGND Pin=P?-8
Added Pin To Net: NetName=CAN_H Pin=P?-9
Added Pin To Net: NetName=CAN_L Pin=P?-10
Added Member To Class: ClassName=Sheet1 Member=Component P? Header 10
Added Room: Name=Sheet1
Added Room: Name=放大电路
