Added Member To Class: ClassName=Sheet1 Member=Component *1 STM32F103RC
Added Member To Class: ClassName=放大电路 Member=Component *2 LM358ad
Added Member To Class: ClassName=Sheet1 Member=Component 1 LM27313
Added Member To Class: ClassName=Sheet1 Member=Component C1 Cap_0603
Added Member To Class: ClassName=Sheet1 Member=Component C2 Cap_0603
Added Member To Class: ClassName=Sheet1 Member=Component C3 Cap_0603
Added Member To Class: ClassName=Sheet1 Member=Component C4 Cap_0603
Added Member To Class: ClassName=Sheet1 Member=Component C5 Cap_0603
Added Member To Class: ClassName=Sheet1 Member=Component C6 Cap_0603
Added Member To Class: ClassName=Sheet1 Member=Component C7 Cap_0603
Added Member To Class: ClassName=Sheet1 Member=Component C8 Cap_0603
Added Member To Class: ClassName=Sheet1 Member=Component C9 Cap_0603
Added Member To Class: ClassName=Sheet1 Member=Component C10 Cap_0603
Added Member To Class: ClassName=Sheet1 Member=Component C11 Cap_0603
Added Member To Class: ClassName=Sheet1 Member=Component C12 Cap_0603
Added Member To Class: ClassName=Sheet1 Member=Component C13 Cap_0603
Added Member To Class: ClassName=Sheet1 Member=Component C14 Cap_0603
Added Member To Class: ClassName=Sheet1 Member=Component C15 Cap_Tan_0805
Added Member To Class: ClassName=Sheet1 Member=Component C16 Cap_0603
Added Member To Class: ClassName=Sheet1 Member=Component C17 Cap_0603
Added Member To Class: ClassName=Sheet1 Member=Component C18 Cap_0603
Added Member To Class: ClassName=Sheet1 Member=Component C19 Cap_0603
Added Member To Class: ClassName=Sheet1 Member=Component C20 Cap_0603
Added Member To Class: ClassName=Sheet1 Member=Component C21 Cap_Tan_0805
Added Member To Class: ClassName=Sheet1 Member=Component C22 Cap_0603
Added Member To Class: ClassName=Sheet1 Member=Component C23 Cap_Tan_0805
Added Member To Class: ClassName=Sheet1 Member=Component C24 Cap_0603
Added Member To Class: ClassName=Sheet1 Member=Component CV1 680uF
Added Member To Class: ClassName=Sheet1 Member=Component CV2 680uF
Added Member To Class: ClassName=Sheet1 Member=Component D1 Din5819
Added Member To Class: ClassName=Sheet1 Member=Component D2 LED_0805
Added Member To Class: ClassName=Sheet1 Member=Component D3 Din5819
Added Member To Class: ClassName=Sheet1 Member=Component D4 LED_0805
Added Member To Class: ClassName=Sheet1 Member=Component D5 Diode
Added Member To Class: ClassName=Sheet1 Member=Component D6 LED_0603
Added Member To Class: ClassName=Sheet1 Member=Component D7 LED_0603
Added Member To Class: ClassName=Sheet1 Member=Component D8 LED_0603
Added Member To Class: ClassName=Sheet1 Member=Component HCPL1 HCPL0630
Added Member To Class: ClassName=Sheet1 Member=Component HIP1 hip4082
Added Member To Class: ClassName=Sheet1 Member=Component in1 SchottkyDiode_SOD123
Added Member To Class: ClassName=Sheet1 Member=Component L1 Ind_0603
Added Member To Class: ClassName=Sheet1 Member=Component L2 Ind_0603
Added Member To Class: ClassName=Sheet1 Member=Component LS1 Bell
Added Member To Class: ClassName=Sheet1 Member=Component LS2 74LS08
Added Member To Class: ClassName=Sheet1 Member=Component MOS3 MOSFET_N
Added Member To Class: ClassName=Sheet1 Member=Component P1 HDR1x5_2.54
Added Member To Class: ClassName=Sheet1 Member=Component P2 HDR1x6_2.54
Added Member To Class: ClassName=Sheet1 Member=Component P3 HDR1x5_2.54
Added Member To Class: ClassName=Sheet1 Member=Component P4 Header 10
Added Member To Class: ClassName=Sheet1 Member=Component P5 HDR1x5_2.54
Added Member To Class: ClassName=Sheet1 Member=Component Q1 BJT_NPN
Added Member To Class: ClassName=Sheet1 Member=Component R1 Res_0603
Added Member To Class: ClassName=Sheet1 Member=Component R2 Res_0603
Added Member To Class: ClassName=Sheet1 Member=Component R3 Res_0603
Added Member To Class: ClassName=Sheet1 Member=Component R4 Res_0603
Added Member To Class: ClassName=Sheet1 Member=Component R5 Res_0603
Added Member To Class: ClassName=Sheet1 Member=Component R6 Res_0603
Added Member To Class: ClassName=Sheet1 Member=Component R7 Res_0603
Added Member To Class: ClassName=Sheet1 Member=Component R8 Res_0603
Added Member To Class: ClassName=Sheet1 Member=Component R9 Res_0603
Added Member To Class: ClassName=Sheet1 Member=Component R10 Res_0603
Added Member To Class: ClassName=Sheet1 Member=Component R11 Res_0603
Added Member To Class: ClassName=Sheet1 Member=Component R12 Res_0603
Added Member To Class: ClassName=Sheet1 Member=Component R13 Res_0603
Added Member To Class: ClassName=Sheet1 Member=Component R14 Res_0603
Added Member To Class: ClassName=Sheet1 Member=Component R15 Res_0603
Added Member To Class: ClassName=Sheet1 Member=Component R16 Res_0603
Added Member To Class: ClassName=Sheet1 Member=Component R17 Res_0603
Added Member To Class: ClassName=Sheet1 Member=Component R18 Res_0603
Added Member To Class: ClassName=Sheet1 Member=Component R20 Res_0603
Added Member To Class: ClassName=Sheet1 Member=Component R21 Res_0603
Added Member To Class: ClassName=Sheet1 Member=Component R22 Res_0603
Added Member To Class: ClassName=Sheet1 Member=Component R23 Res_0603
Added Member To Class: ClassName=Sheet1 Member=Component R24 Res_0603
Added Member To Class: ClassName=Sheet1 Member=Component R25 Res_0603
Added Member To Class: ClassName=Sheet1 Member=Component R26 Res_0603
Added Member To Class: ClassName=Sheet1 Member=Component R27 Res_0603
Added Member To Class: ClassName=Sheet1 Member=Component R28 Res_0603
Added Member To Class: ClassName=放大电路 Member=Component R29 Res_0603
Added Member To Class: ClassName=放大电路 Member=Component R30 Res_0603
Added Member To Class: ClassName=放大电路 Member=Component R31 Res_0603
Added Member To Class: ClassName=放大电路 Member=Component R32 Res_0603
Added Member To Class: ClassName=Sheet1 Member=Component Ri1 Res_0603
Added Member To Class: ClassName=Sheet1 Member=Component S1 ButtonTACT_3x6x2.5_180
Added Member To Class: ClassName=Sheet1 Member=Component TJA1 TJA1050
Added Member To Class: ClassName=Sheet1 Member=Component TPS1 TPS5430
Added Member To Class: ClassName=Sheet1 Member=Component U1 tlv1117-3.3
Added Member To Class: ClassName=Sheet1 Member=Component XT1 XTAL_32.768kHz
Added Room: Name=Sheet1
Added Room: Name=放大电路
