Removed Pin From Net: NetName=VIN Pin=lr1-D
Removed Pin From Net: NetName=MOT- Pin=lr1-S
Removed Pin From Net: NetName=VIN Pin=lr2-D
Removed Pin From Net: NetName=MOT+ Pin=lr2-S
Removed Pin From Net: NetName=MOT- Pin=lr3-D
Removed Pin From Net: NetName=VI Pin=lr3-S
Removed Pin From Net: NetName=MOT+ Pin=lr4-D
Removed Pin From Net: NetName=VI Pin=lr4-S
Removed Member From Class: ClassName=Sheet1 Member=lr1
Removed Member From Class: ClassName=Sheet1 Member=lr2
Removed Member From Class: ClassName=Sheet1 Member=lr3
Removed Member From Class: ClassName=Sheet1 Member=lr4
Added Component: Designator=MOS?(TO-252AA)
Add component. Clean all parameters for all variants
Add component (AddParameter): Name = "Value"; Value = "NMOS?"; VariantName = "[No Variations]"
Added Component: Designator=MOS?(TO-252AA)
Add component. Clean all parameters for all variants
Add component (AddParameter): Name = "Value"; Value = "NMOS?"; VariantName = "[No Variations]"
Added Component: Designator=MOS?(TO-252AA)
Add component. Clean all parameters for all variants
Add component (AddParameter): Name = "Value"; Value = "NMOS?"; VariantName = "[No Variations]"
Added Component: Designator=MOS?(TO-252AA)
Add component. Clean all parameters for all variants
Add component (AddParameter): Name = "Value"; Value = "NMOS?"; VariantName = "[No Variations]"
Added Pin To Net: NetName=MOT- Pin=MOS?-3
Added Pin To Net: NetName=VI Pin=MOS?-3
Added Pin To Net: NetName=VI Pin=MOS?-3
Added Pin To Net: NetName=MOT+ Pin=MOS?-4
Added Pin To Net: NetName=MOT- Pin=MOS?-4
Added Pin To Net: NetName=VIN Pin=MOS?-4
Added Pin To Net: NetName=VIN Pin=MOS?-4
Added Pin To Net: NetName=NetMOS?_1 Pin=MOS?-1
Added Pin To Net: NetName=NetMOS?_1 Pin=R3-2
Added Net: Name=NetMOS?_1
Added Member To Class: ClassName=Sheet1 Member=Component MOS? MOSFET_N
Added Member To Class: ClassName=Sheet1 Member=Component MOS? MOSFET_N
Added Member To Class: ClassName=Sheet1 Member=Component MOS? MOSFET_N
Added Member To Class: ClassName=Sheet1 Member=Component MOS? MOSFET_N
Added Room: Name=Sheet1
