Added Component: Designator=*1(LQFP_P0.5_64)
Add component. Clean all parameters for all variants
Added Component: Designator=*2(SOP_E150_8)
Add component. Clean all parameters for all variants
Added Component: Designator=1(SOT23-5)
Add component. Clean all parameters for all variants
Added Component: Designator=C1(CAP_0603)
Add component. Clean all parameters for all variants
Add component (AddParameter): Name = "Value"; Value = "1uF"; VariantName = "[No Variations]"
Added Component: Designator=C2(CAP_0603)
Add component. Clean all parameters for all variants
Add component (AddParameter): Name = "Value"; Value = "20pF"; VariantName = "[No Variations]"
Added Component: Designator=C3(CAP_0603)
Add component. Clean all parameters for all variants
Add component (AddParameter): Name = "Value"; Value = "0.1uF"; VariantName = "[No Variations]"
Added Component: Designator=C4(CAP_0603)
Add component. Clean all parameters for all variants
Add component (AddParameter): Name = "Value"; Value = "20pF"; VariantName = "[No Variations]"
Added Component: Designator=C5(CAP_0603)
Add component. Clean all parameters for all variants
Add component (AddParameter): Name = "Value"; Value = "0.1uF"; VariantName = "[No Variations]"
Added Component: Designator=C6(CAP_0603)
Add component. Clean all parameters for all variants
Add component (AddParameter): Name = "Value"; Value = "0.1uF"; VariantName = "[No Variations]"
Added Component: Designator=C7(CAP_0603)
Add component. Clean all parameters for all variants
Add component (AddParameter): Name = "Value"; Value = "1uF"; VariantName = "[No Variations]"
Added Component: Designator=C8(CAP_0603)
Add component. Clean all parameters for all variants
Add component (AddParameter): Name = "Value"; Value = "0.1uF"; VariantName = "[No Variations]"
Added Component: Designator=C9(CAP_0603)
Add component. Clean all parameters for all variants
Add component (AddParameter): Name = "Value"; Value = "0.1uF"; VariantName = "[No Variations]"
Added Component: Designator=C10(CAP_0603)
Add component. Clean all parameters for all variants
Add component (AddParameter): Name = "Value"; Value = "0.1uF"; VariantName = "[No Variations]"
Added Component: Designator=C11(CAP_0603)
Add component. Clean all parameters for all variants
Add component (AddParameter): Name = "Value"; Value = "0.1uF"; VariantName = "[No Variations]"
Added Component: Designator=C12(CAP_0603)
Add component. Clean all parameters for all variants
Add component (AddParameter): Name = "Value"; Value = "0.1uF"; VariantName = "[No Variations]"
Added Component: Designator=C13(CAP_0603)
Add component. Clean all parameters for all variants
Add component (AddParameter): Name = "Value"; Value = "10uF"; VariantName = "[No Variations]"
Added Component: Designator=C14(CAP_0603)
Add component. Clean all parameters for all variants
Add component (AddParameter): Name = "Value"; Value = "0.1uF"; VariantName = "[No Variations]"
Added Component: Designator=C15(CAP_TAN_P0805)
Add component. Clean all parameters for all variants
Add component (AddParameter): Name = "Value"; Value = "220uF"; VariantName = "[No Variations]"
Added Component: Designator=C16(CAP_0603)
Add component. Clean all parameters for all variants
Add component (AddParameter): Name = "Value"; Value = "01uF"; VariantName = "[No Variations]"
Added Component: Designator=C17(CAP_0603)
Add component. Clean all parameters for all variants
Add component (AddParameter): Name = "Value"; Value = "0.1uF"; VariantName = "[No Variations]"
Added Component: Designator=C18(CAP_0603)
Add component. Clean all parameters for all variants
Add component (AddParameter): Name = "Value"; Value = "4.7uF"; VariantName = "[No Variations]"
Added Component: Designator=C19(CAP_0603)
Add component. Clean all parameters for all variants
Add component (AddParameter): Name = "Value"; Value = "220pF"; VariantName = "[No Variations]"
Added Component: Designator=C20(CAP_0603)
Add component. Clean all parameters for all variants
Add component (AddParameter): Name = "Value"; Value = "2.2uF"; VariantName = "[No Variations]"
Added Component: Designator=C21(CAP_TAN_P0805)
Add component. Clean all parameters for all variants
Add component (AddParameter): Name = "Value"; Value = "100uF"; VariantName = "[No Variations]"
Added Component: Designator=C22(CAP_0603)
Add component. Clean all parameters for all variants
Add component (AddParameter): Name = "Value"; Value = "0.1uF"; VariantName = "[No Variations]"
Added Component: Designator=C23(CAP_TAN_P0805)
Add component. Clean all parameters for all variants
Add component (AddParameter): Name = "Value"; Value = "100uF"; VariantName = "[No Variations]"
Added Component: Designator=C24(CAP_0603)
Add component. Clean all parameters for all variants
Add component (AddParameter): Name = "Value"; Value = "0.1uF"; VariantName = "[No Variations]"
Added Component: Designator=CV1(电解电容器)
Add component. Clean all parameters for all variants
Add component (AddParameter): Name = "LatestRevisionDate"; Value = "17-Jul-2002"; VariantName = "[No Variations]"
Add component (AddParameter): Name = "LatestRevisionNote"; Value = "Re-released for DXP Platform."; VariantName = "[No Variations]"
Add component (AddParameter): Name = "PackageDescription"; Value = "Polarized Capacitor (Radial); 2 Leads"; VariantName = "[No Variations]"
Add component (AddParameter): Name = "PackageReference"; Value = "RB7.6-15"; VariantName = "[No Variations]"
Add component (AddParameter): Name = "Published"; Value = "8-Jun-2000"; VariantName = "[No Variations]"
Add component (AddParameter): Name = "Publisher"; Value = "Altium Limited"; VariantName = "[No Variations]"
Add component (AddParameter): Name = "Value"; Value = "*μF"; VariantName = "[No Variations]"
Added Component: Designator=CV2(电解电容器)
Add component. Clean all parameters for all variants
Add component (AddParameter): Name = "LatestRevisionDate"; Value = "17-Jul-2002"; VariantName = "[No Variations]"
Add component (AddParameter): Name = "LatestRevisionNote"; Value = "Re-released for DXP Platform."; VariantName = "[No Variations]"
Add component (AddParameter): Name = "PackageDescription"; Value = "Polarized Capacitor (Radial); 2 Leads"; VariantName = "[No Variations]"
Add component (AddParameter): Name = "PackageReference"; Value = "RB7.6-15"; VariantName = "[No Variations]"
Add component (AddParameter): Name = "Published"; Value = "8-Jun-2000"; VariantName = "[No Variations]"
Add component (AddParameter): Name = "Publisher"; Value = "Altium Limited"; VariantName = "[No Variations]"
Add component (AddParameter): Name = "Value"; Value = "*μF"; VariantName = "[No Variations]"
Added Component: Designator=D1(LED_0805_RED)
Add component. Clean all parameters for all variants
Added Component: Designator=D2(LED_0805_RED)
Add component. Clean all parameters for all variants
Added Component: Designator=D3(LED_0805_RED)
Add component. Clean all parameters for all variants
Added Component: Designator=D4(LED_0805_RED)
Add component. Clean all parameters for all variants
Added Component: Designator=D5(LED_0805_RED)
Add component. Clean all parameters for all variants
Added Component: Designator=D6(LED_0603_RED)
Add component. Clean all parameters for all variants
Added Component: Designator=D7(LED_0603_RED)
Add component. Clean all parameters for all variants
Added Component: Designator=D8(LED_0603_RED)
Add component. Clean all parameters for all variants
Added Component: Designator=HCPL1(SOP_E150_8)
Add component. Clean all parameters for all variants
Added Component: Designator=HIP1(SOP_E150_16)
Add component. Clean all parameters for all variants
Added Component: Designator=in1(SOD-123)
Add component. Clean all parameters for all variants
Add component (AddParameter): Name = "Value"; Value = "B?"; VariantName = "[No Variations]"
Added Component: Designator=L1(IND_0603)
Add component. Clean all parameters for all variants
Add component (AddParameter): Name = "Value"; Value = "47H"; VariantName = "[No Variations]"
Added Component: Designator=L2(IND_0603)
Add component. Clean all parameters for all variants
Add component (AddParameter): Name = "Value"; Value = "10uH"; VariantName = "[No Variations]"
Added Component: Designator=LS1(Bell-5.6-0.6-9mm)
Add component. Clean all parameters for all variants
Add component (AddParameter): Name = "LatestRevisionDate"; Value = "17-Jul-2002"; VariantName = "[No Variations]"
Add component (AddParameter): Name = "LatestRevisionNote"; Value = "Re-released for DXP Platform."; VariantName = "[No Variations]"
Add component (AddParameter): Name = "PackageReference"; Value = "PIN2"; VariantName = "[No Variations]"
Add component (AddParameter): Name = "Published"; Value = "24-Mar-1999"; VariantName = "[No Variations]"
Add component (AddParameter): Name = "Publisher"; Value = "Altium Limited"; VariantName = "[No Variations]"
Added Component: Designator=LS2(SOP14)
Add component. Clean all parameters for all variants
Added Component: Designator=MOS1(TO-252AA)
Add component. Clean all parameters for all variants
Add component (AddParameter): Name = "Value"; Value = "NMOS?"; VariantName = "[No Variations]"
Added Component: Designator=MOS2(TO-252AA)
Add component. Clean all parameters for all variants
Add component (AddParameter): Name = "Value"; Value = "NMOS?"; VariantName = "[No Variations]"
Added Component: Designator=MOS3(TO-252AA)
Add component. Clean all parameters for all variants
Add component (AddParameter): Name = "Value"; Value = "NMOS?"; VariantName = "[No Variations]"
Added Component: Designator=MOS4(TO-252AA)
Add component. Clean all parameters for all variants
Add component (AddParameter): Name = "Value"; Value = "NMOS?"; VariantName = "[No Variations]"
Added Component: Designator=P1(HDR1X5_2.54_180)
Add component. Clean all parameters for all variants
Added Component: Designator=P2(HDR1X6_2.54_180)
Add component. Clean all parameters for all variants
Added Component: Designator=P3(HDR1X5_2.54_180)
Add component. Clean all parameters for all variants
Added Component: Designator=P4(Green_10P)
Add component. Clean all parameters for all variants
Add component (AddParameter): Name = "LatestRevisionDate"; Value = "17-Jul-2002"; VariantName = "[No Variations]"
Add component (AddParameter): Name = "LatestRevisionNote"; Value = "Re-released for DXP Platform."; VariantName = "[No Variations]"
Add component (AddParameter): Name = "Publisher"; Value = "Altium Limited"; VariantName = "[No Variations]"
Added Component: Designator=P5(HDR1X5_2.54_180)
Add component. Clean all parameters for all variants
Added Component: Designator=P6(HDR1X2_2.54_180)
Add component. Clean all parameters for all variants
Added Component: Designator=Q1(SOT23-3)
Add component. Clean all parameters for all variants
Add component (AddParameter): Name = "Value"; Value = ""; VariantName = "[No Variations]"
Added Component: Designator=R1(RES_0603)
Add component. Clean all parameters for all variants
Add component (AddParameter): Name = "Value"; Value = "10K"; VariantName = "[No Variations]"
Added Component: Designator=R2(RES_0603)
Add component. Clean all parameters for all variants
Add component (AddParameter): Name = "Value"; Value = "10K"; VariantName = "[No Variations]"
Added Component: Designator=R3(RES_0603)
Add component. Clean all parameters for all variants
Add component (AddParameter): Name = "Value"; Value = "10K"; VariantName = "[No Variations]"
Added Component: Designator=R4(RES_0603)
Add component. Clean all parameters for all variants
Add component (AddParameter): Name = "Value"; Value = "10K"; VariantName = "[No Variations]"
Added Component: Designator=R5(RES_0603)
Add component. Clean all parameters for all variants
Add component (AddParameter): Name = "Value"; Value = "1M"; VariantName = "[No Variations]"
Added Component: Designator=R6(RES_0603)
Add component. Clean all parameters for all variants
Add component (AddParameter): Name = "Value"; Value = "10K"; VariantName = "[No Variations]"
Added Component: Designator=R7(RES_0603)
Add component. Clean all parameters for all variants
Add component (AddParameter): Name = "Value"; Value = "10K"; VariantName = "[No Variations]"
Added Component: Designator=R8(RES_0603)
Add component. Clean all parameters for all variants
Add component (AddParameter): Name = "Value"; Value = "10K"; VariantName = "[No Variations]"
Added Component: Designator=R9(RES_0603)
Add component. Clean all parameters for all variants
Add component (AddParameter): Name = "Value"; Value = "10K"; VariantName = "[No Variations]"
Added Component: Designator=R10(RES_0603)
Add component. Clean all parameters for all variants
Add component (AddParameter): Name = "Value"; Value = "10K"; VariantName = "[No Variations]"
Added Component: Designator=R11(RES_0603)
Add component. Clean all parameters for all variants
Add component (AddParameter): Name = "Value"; Value = "500"; VariantName = "[No Variations]"
Added Component: Designator=R12(RES_0603)
Add component. Clean all parameters for all variants
Add component (AddParameter): Name = "Value"; Value = "2k"; VariantName = "[No Variations]"
Added Component: Designator=R13(RES_0603)
Add component. Clean all parameters for all variants
Add component (AddParameter): Name = "Value"; Value = "500"; VariantName = "[No Variations]"
Added Component: Designator=R14(RES_0603)
Add component. Clean all parameters for all variants
Add component (AddParameter): Name = "Value"; Value = "2k"; VariantName = "[No Variations]"
Added Component: Designator=R15(RES_0603)
Add component. Clean all parameters for all variants
Add component (AddParameter): Name = "Value"; Value = "0"; VariantName = "[No Variations]"
Added Component: Designator=R16(RES_0603)
Add component. Clean all parameters for all variants
Add component (AddParameter): Name = "Value"; Value = "10K"; VariantName = "[No Variations]"
Added Component: Designator=R17(RES_0603)
Add component. Clean all parameters for all variants
Add component (AddParameter): Name = "Value"; Value = "10K"; VariantName = "[No Variations]"
Added Component: Designator=R18(RES_0603)
Add component. Clean all parameters for all variants
Add component (AddParameter): Name = "Value"; Value = "3.3K"; VariantName = "[No Variations]"
Added Component: Designator=R19(RES_0603)
Add component. Clean all parameters for all variants
Add component (AddParameter): Name = "Value"; Value = "10K"; VariantName = "[No Variations]"
Added Component: Designator=R20(RES_0603)
Add component. Clean all parameters for all variants
Add component (AddParameter): Name = "Value"; Value = "1K"; VariantName = "[No Variations]"
Added Component: Designator=R21(RES_0603)
Add component. Clean all parameters for all variants
Add component (AddParameter): Name = "Value"; Value = "10K"; VariantName = "[No Variations]"
Added Component: Designator=R22(RES_0603)
Add component. Clean all parameters for all variants
Add component (AddParameter): Name = "Value"; Value = "10K"; VariantName = "[No Variations]"
Added Component: Designator=R23(RES_0603)
Add component. Clean all parameters for all variants
Add component (AddParameter): Name = "Value"; Value = "10K"; VariantName = "[No Variations]"
Added Component: Designator=R24(RES_0603)
Add component. Clean all parameters for all variants
Add component (AddParameter): Name = "Value"; Value = "1K"; VariantName = "[No Variations]"
Added Component: Designator=R25(RES_0603)
Add component. Clean all parameters for all variants
Add component (AddParameter): Name = "Value"; Value = "120"; VariantName = "[No Variations]"
Added Component: Designator=R26(RES_0603)
Add component. Clean all parameters for all variants
Add component (AddParameter): Name = "Value"; Value = "10K"; VariantName = "[No Variations]"
Added Component: Designator=R27(RES_0603)
Add component. Clean all parameters for all variants
Add component (AddParameter): Name = "Value"; Value = "10K"; VariantName = "[No Variations]"
Added Component: Designator=R28(RES_0603)
Add component. Clean all parameters for all variants
Add component (AddParameter): Name = "Value"; Value = "10K"; VariantName = "[No Variations]"
Added Component: Designator=R29(RES_0603)
Add component. Clean all parameters for all variants
Add component (AddParameter): Name = "Value"; Value = "500K"; VariantName = "[No Variations]"
Added Component: Designator=R30(RES_0603)
Add component. Clean all parameters for all variants
Add component (AddParameter): Name = "Value"; Value = "10K"; VariantName = "[No Variations]"
Added Component: Designator=R31(RES_0603)
Add component. Clean all parameters for all variants
Add component (AddParameter): Name = "Value"; Value = "10K"; VariantName = "[No Variations]"
Added Component: Designator=R32(RES_0603)
Add component. Clean all parameters for all variants
Add component (AddParameter): Name = "Value"; Value = "500K"; VariantName = "[No Variations]"
Added Component: Designator=Ri1(RES_0603)
Add component. Clean all parameters for all variants
Add component (AddParameter): Name = "Value"; Value = "0.001"; VariantName = "[No Variations]"
Added Component: Designator=S1(ButtonTACT_3x6x2.5_180)
Add component. Clean all parameters for all variants
Added Component: Designator=TJA1(SOP_E150_8)
Add component. Clean all parameters for all variants
Added Component: Designator=TPS1(SOP_E150_9)
Add component. Clean all parameters for all variants
Added Component: Designator=U1(SOT223-3)
Add component. Clean all parameters for all variants
Add component (AddParameter): Name = "Code_IPC"; Value = "SOT223-4"; VariantName = "[No Variations]"
Add component (AddParameter): Name = "Code_JEDEC"; Value = "TO-261-AA"; VariantName = "[No Variations]"
Add component (AddParameter): Name = "ComponentLink1Description"; Value = "LM1117 Datasheet"; VariantName = "[No Variations]"
Add component (AddParameter): Name = "ComponentLink1URL"; Value = "http://www.national.com/ds/LM/LM1117.pdf"; VariantName = "[No Variations]"
Add component (AddParameter): Name = "ComponentLink2Description"; Value = "LM1117 Web Page"; VariantName = "[No Variations]"
Add component (AddParameter): Name = "ComponentLink2URL"; Value = "http://www.national.com/pf/LM/LM1117.html"; VariantName = "[No Variations]"
Add component (AddParameter): Name = "ComponentLink3Description"; Value = "MP04A Package Page"; VariantName = "[No Variations]"
Add component (AddParameter): Name = "ComponentLink3URL"; Value = "http://www.national.com/packaging/folders/mp04a.html"; VariantName = "[No Variations]"
Add component (AddParameter): Name = "CompType"; Value = "LDO IC"; VariantName = "[No Variations]"
Add component (AddParameter): Name = "DatasheetVersion"; Value = "Apr-2006"; VariantName = "[No Variations]"
Add component (AddParameter): Name = "DigiKeyPartNumber"; Value = "LM1117IMP-5.0CT-ND"; VariantName = "[No Variations]"
Add component (AddParameter): Name = "Manufacturer"; Value = "National Semiconductor"; VariantName = "[No Variations]"
Add component (AddParameter): Name = "PackageDescription"; Value = "Molded SOT-223, 6.50 x 3.56 x 1.6mm Body, 4 Lead, 2.3mm Pitch"; VariantName = "[No Variations]"
Add component (AddParameter): Name = "PackageReference"; Value = "MP04A"; VariantName = "[No Variations]"
Add component (AddParameter): Name = "PackageTopMarking"; Value = "XYTT*N06B"; VariantName = "[No Variations]"
Add component (AddParameter): Name = "PackageVersion"; Value = "revB, Apr-2003"; VariantName = "[No Variations]"
Add component (AddParameter): Name = "PartNumber"; Value = "LM1117IMP-5.0"; VariantName = "[No Variations]"
Add component (AddParameter): Name = "PinCount"; Value = "4"; VariantName = "[No Variations]"
Add component (AddParameter): Name = "PowerWise"; Value = "N"; VariantName = "[No Variations]"
Add component (AddParameter): Name = "Published"; Value = "4-Dec-2008"; VariantName = "[No Variations]"
Add component (AddParameter): Name = "Publisher"; Value = "Altium Limited"; VariantName = "[No Variations]"
Add component (AddParameter): Name = "RoHS"; Value = "O"; VariantName = "[No Variations]"
Added Component: Designator=XT1(XT_5032_2)
Add component. Clean all parameters for all variants
Add component (AddParameter): Name = "Value"; Value = "8M"; VariantName = "[No Variations]"
Added Pin To Net: NetName=3V3 Pin=*1-1
Added Pin To Net: NetName=PC13 Pin=*1-2
Added Pin To Net: NetName=OSC32_IN Pin=*1-3
Added Pin To Net: NetName=OSC32_OUT Pin=*1-4
Added Pin To Net: NetName=OSCIN Pin=*1-5
Added Pin To Net: NetName=OSCOUT Pin=*1-6
Added Pin To Net: NetName=NRST Pin=*1-7
Added Pin To Net: NetName=RING Pin=*1-8
Added Pin To Net: NetName=PC1 Pin=*1-9
Added Pin To Net: NetName=PC2 Pin=*1-10
Added Pin To Net: NetName=PC3 Pin=*1-11
Added Pin To Net: NetName=GND Pin=*1-12
Added Pin To Net: NetName=3V3 Pin=*1-13
Added Pin To Net: NetName=SPEED_A Pin=*1-14
Added Pin To Net: NetName=SPEED_B Pin=*1-15
Added Pin To Net: NetName=PA2 Pin=*1-16
Added Pin To Net: NetName=PA3 Pin=*1-17
Added Pin To Net: NetName=GND Pin=*1-18
Added Pin To Net: NetName=3V3 Pin=*1-19
Added Pin To Net: NetName=PA4 Pin=*1-20
Added Pin To Net: NetName=PA5 Pin=*1-21
Added Pin To Net: NetName=SPEED2_A Pin=*1-22
Added Pin To Net: NetName=SDI Pin=*1-23
Added Pin To Net: NetName=OLEDRESET Pin=*1-24
Added Pin To Net: NetName=PC5 Pin=*1-25
Added Pin To Net: NetName=PB0 Pin=*1-26
Added Pin To Net: NetName=PB1 Pin=*1-27
Added Pin To Net: NetName=BOOT1 Pin=*1-28
Added Pin To Net: NetName=LED2 Pin=*1-29
Added Pin To Net: NetName=LED1 Pin=*1-30
Added Pin To Net: NetName=GND Pin=*1-31
Added Pin To Net: NetName=3V3 Pin=*1-32
Added Pin To Net: NetName=PB12 Pin=*1-33
Added Pin To Net: NetName=PB13 Pin=*1-34
Added Pin To Net: NetName=PB14 Pin=*1-35
Added Pin To Net: NetName=DIS2 Pin=*1-36
Added Pin To Net: NetName=PC6 Pin=*1-37
Added Pin To Net: NetName=PWM2A Pin=*1-38
Added Pin To Net: NetName=PWM2B Pin=*1-39
Added Pin To Net: NetName=PC9 Pin=*1-40
Added Pin To Net: NetName=PA8 Pin=*1-41
Added Pin To Net: NetName=TXD Pin=*1-42
Added Pin To Net: NetName=RXD Pin=*1-43
Added Pin To Net: NetName=CAN_RX Pin=*1-44
Added Pin To Net: NetName=CAN_TX Pin=*1-45
Added Pin To Net: NetName=PA13 Pin=*1-46
Added Pin To Net: NetName=GND Pin=*1-47
Added Pin To Net: NetName=3V3 Pin=*1-48
Added Pin To Net: NetName=PA14 Pin=*1-49
Added Pin To Net: NetName=PA15 Pin=*1-50
Added Pin To Net: NetName=PC10 Pin=*1-51
Added Pin To Net: NetName=PC11 Pin=*1-52
Added Pin To Net: NetName=PC12 Pin=*1-53
Added Pin To Net: NetName=PD2 Pin=*1-54
Added Pin To Net: NetName=PB3 Pin=*1-55
Added Pin To Net: NetName=PB4 Pin=*1-56
Added Pin To Net: NetName=PB5 Pin=*1-57
Added Pin To Net: NetName=PWMA Pin=*1-58
Added Pin To Net: NetName=PWMB Pin=*1-59
Added Pin To Net: NetName=BOOT0 Pin=*1-60
Added Pin To Net: NetName=PB8 Pin=*1-61
Added Pin To Net: NetName=DIS Pin=*1-62
Added Pin To Net: NetName=GND Pin=*1-63
Added Pin To Net: NetName=3V3 Pin=*1-64
Added Pin To Net: NetName=Net*2_1 Pin=*2-1
Added Pin To Net: NetName=Net*2_2 Pin=*2-2
Added Pin To Net: NetName=Net*2_3 Pin=*2-3
Added Pin To Net: NetName=Net*2_4 Pin=*2-4
Added Pin To Net: NetName=5V Pin=*2-5
Added Pin To Net: NetName=Net1_1 Pin=1-1
Added Pin To Net: NetName=PGND Pin=1-2
Added Pin To Net: NetName=Net1_3 Pin=1-3
Added Pin To Net: NetName=Net1_4 Pin=1-4
Added Pin To Net: NetName=5V Pin=1-5
Added Pin To Net: NetName=NetC1_1 Pin=C1-1
Added Pin To Net: NetName=MOT+ Pin=C1-2
Added Pin To Net: NetName=GND Pin=C2-1
Added Pin To Net: NetName=OSCIN Pin=C2-2
Added Pin To Net: NetName=GND Pin=C3-1
Added Pin To Net: NetName=3V3 Pin=C3-2
Added Pin To Net: NetName=GND Pin=C4-1
Added Pin To Net: NetName=OSCOUT Pin=C4-2
Added Pin To Net: NetName=3V3 Pin=C5-1
Added Pin To Net: NetName=GND Pin=C5-2
Added Pin To Net: NetName=PGND Pin=C6-1
Added Pin To Net: NetName=12V Pin=C6-2
Added Pin To Net: NetName=NetC7_1 Pin=C7-1
Added Pin To Net: NetName=MOT- Pin=C7-2
Added Pin To Net: NetName=3V3 Pin=C8-1
Added Pin To Net: NetName=GND Pin=C8-2
Added Pin To Net: NetName=GND Pin=C9-1
Added Pin To Net: NetName=3V3 Pin=C9-2
Added Pin To Net: NetName=PGND Pin=C10-1
Added Pin To Net: NetName=5V Pin=C10-2
Added Pin To Net: NetName=3V3 Pin=C11-1
Added Pin To Net: NetName=GND Pin=C11-2
Added Pin To Net: NetName=NetC12_1 Pin=C12-1
Added Pin To Net: NetName=NetC12_2 Pin=C12-2
Added Pin To Net: NetName=PGND Pin=C13-1
Added Pin To Net: NetName=VIN Pin=C13-2
Added Pin To Net: NetName=PGND Pin=C14-1
Added Pin To Net: NetName=5V Pin=C14-2
Added Pin To Net: NetName=5V Pin=C15-1
Added Pin To Net: NetName=PGND Pin=C15-2
Added Pin To Net: NetName=GND Pin=C16-1
Added Pin To Net: NetName=NRST Pin=C16-2
Added Pin To Net: NetName=GND Pin=C17-1
Added Pin To Net: NetName=5V Pin=C17-2
Added Pin To Net: NetName=PGND Pin=C18-1
Added Pin To Net: NetName=12V Pin=C18-2
Added Pin To Net: NetName=Net1_3 Pin=C19-1
Added Pin To Net: NetName=12V Pin=C19-2
Added Pin To Net: NetName=PGND Pin=C20-1
Added Pin To Net: NetName=5V Pin=C20-2
Added Pin To Net: NetName=3.3V Pin=C21-1
Added Pin To Net: NetName=GND Pin=C21-2
Added Pin To Net: NetName=GND Pin=C22-1
Added Pin To Net: NetName=3.3V Pin=C22-2
Added Pin To Net: NetName=5V Pin=C23-1
Added Pin To Net: NetName=PGND Pin=C23-2
Added Pin To Net: NetName=PGND Pin=C24-1
Added Pin To Net: NetName=5V Pin=C24-2
Added Pin To Net: NetName=VIN Pin=CV1-1
Added Pin To Net: NetName=PGND Pin=CV1-2
Added Pin To Net: NetName=VIN Pin=CV2-1
Added Pin To Net: NetName=PGND Pin=CV2-2
Added Pin To Net: NetName=12V Pin=D1-1
Added Pin To Net: NetName=NetC1_1 Pin=D1-2
Added Pin To Net: NetName=NetD2_1 Pin=D2-1
Added Pin To Net: NetName=GND Pin=D2-2
Added Pin To Net: NetName=12V Pin=D3-1
Added Pin To Net: NetName=NetC7_1 Pin=D3-2
Added Pin To Net: NetName=NetD4_1 Pin=D4-1
Added Pin To Net: NetName=PB12 Pin=D4-2
Added Pin To Net: NetName=PGND Pin=D5-1
Added Pin To Net: NetName=NetC12_2 Pin=D5-2
Added Pin To Net: NetName=NetD6_1 Pin=D6-1
Added Pin To Net: NetName=PGND Pin=D6-2
Added Pin To Net: NetName=NetD7_1 Pin=D7-1
Added Pin To Net: NetName=PGND Pin=D7-2
Added Pin To Net: NetName=NetD8_1 Pin=D8-1
Added Pin To Net: NetName=PGND Pin=D8-2
Added Pin To Net: NetName=5V Pin=HCPL1-1
Added Pin To Net: NetName=NetHCPL1_2 Pin=HCPL1-2
Added Pin To Net: NetName=NetHCPL1_3 Pin=HCPL1-3
Added Pin To Net: NetName=5V Pin=HCPL1-4
Added Pin To Net: NetName=GND Pin=HCPL1-5
Added Pin To Net: NetName=SPEED_B Pin=HCPL1-6
Added Pin To Net: NetName=SPEED_A Pin=HCPL1-7
Added Pin To Net: NetName=5V Pin=HCPL1-8
Added Pin To Net: NetName=NetC1_1 Pin=HIP1-1
Added Pin To Net: NetName=12V Pin=HIP1-2
Added Pin To Net: NetName=PWMBIN Pin=HIP1-3
Added Pin To Net: NetName=PWMAIN Pin=HIP1-4
Added Pin To Net: NetName=NetHIP1_5 Pin=HIP1-5
Added Pin To Net: NetName=PGND Pin=HIP1-6
Added Pin To Net: NetName=12V Pin=HIP1-7
Added Pin To Net: NetName=DISIN Pin=HIP1-8
Added Pin To Net: NetName=NetC7_1 Pin=HIP1-9
Added Pin To Net: NetName=NetHIP1_10 Pin=HIP1-10
Added Pin To Net: NetName=MOT- Pin=HIP1-11
Added Pin To Net: NetName=12V Pin=HIP1-12
Added Pin To Net: NetName=NetHIP1_13 Pin=HIP1-13
Added Pin To Net: NetName=NetHIP1_14 Pin=HIP1-14
Added Pin To Net: NetName=MOT+ Pin=HIP1-15
Added Pin To Net: NetName=NetHIP1_16 Pin=HIP1-16
Added Pin To Net: NetName=Net1_1 Pin=in1-1
Added Pin To Net: NetName=12V Pin=in1-2
Added Pin To Net: NetName=NetC12_2 Pin=L1-1
Added Pin To Net: NetName=5V Pin=L1-2
Added Pin To Net: NetName=5V Pin=L2-1
Added Pin To Net: NetName=Net1_1 Pin=L2-2
Added Pin To Net: NetName=5V Pin=LS1-1
Added Pin To Net: NetName=NetLS1_2 Pin=LS1-2
Added Pin To Net: NetName=5V Pin=LS2-1
Added Pin To Net: NetName=PWMA Pin=LS2-2
Added Pin To Net: NetName=PWMAIN Pin=LS2-3
Added Pin To Net: NetName=5V Pin=LS2-4
Added Pin To Net: NetName=PWMB Pin=LS2-5
Added Pin To Net: NetName=PWMBIN Pin=LS2-6
Added Pin To Net: NetName=PGND Pin=LS2-7
Added Pin To Net: NetName=DISIN Pin=LS2-8
Added Pin To Net: NetName=5V Pin=LS2-9
Added Pin To Net: NetName=DIS Pin=LS2-10
Added Pin To Net: NetName=PGND Pin=LS2-11
Added Pin To Net: NetName=PGND Pin=LS2-12
Added Pin To Net: NetName=PGND Pin=LS2-13
Added Pin To Net: NetName=5V Pin=LS2-14
Added Pin To Net: NetName=NetMOS1_1 Pin=MOS1-1
Added Pin To Net: NetName=MOT- Pin=MOS1-3
Added Pin To Net: NetName=VIN Pin=MOS1-4
Added Pin To Net: NetName=NetMOS2_1 Pin=MOS2-1
Added Pin To Net: NetName=VIN Pin=MOS2-4
Added Pin To Net: NetName=NetMOS3_1 Pin=MOS3-1
Added Pin To Net: NetName=VI Pin=MOS3-3
Added Pin To Net: NetName=MOT- Pin=MOS3-4
Added Pin To Net: NetName=NetMOS4_1 Pin=MOS4-1
Added Pin To Net: NetName=VI Pin=MOS4-3
Added Pin To Net: NetName=MOT+ Pin=MOS4-4
Added Pin To Net: NetName=SDI Pin=P1-1
Added Pin To Net: NetName=SPEED2_A Pin=P1-2
Added Pin To Net: NetName=DIS2 Pin=P1-3
Added Pin To Net: NetName=PWM2A Pin=P1-4
Added Pin To Net: NetName=PWM2B Pin=P1-5
Added Pin To Net: NetName=12V Pin=P2-1
Added Pin To Net: NetName=5V Pin=P2-3
Added Pin To Net: NetName=PGND Pin=P2-6
Added Pin To Net: NetName=5V Pin=P3-1
Added Pin To Net: NetName=3.3V Pin=P3-2
Added Pin To Net: NetName=GND Pin=P3-3
Added Pin To Net: NetName=TXD Pin=P3-4
Added Pin To Net: NetName=RXD Pin=P3-5
Added Pin To Net: NetName=VIN Pin=P4-1
Added Pin To Net: NetName=PGND Pin=P4-2
Added Pin To Net: NetName=MOT+ Pin=P4-3
Added Pin To Net: NetName=MOT- Pin=P4-4
Added Pin To Net: NetName=5V Pin=P4-5
Added Pin To Net: NetName=S_A Pin=P4-6
Added Pin To Net: NetName=S_B Pin=P4-7
Added Pin To Net: NetName=PGND Pin=P4-8
Added Pin To Net: NetName=CAN_H Pin=P4-9
Added Pin To Net: NetName=CAN_L Pin=P4-10
Added Pin To Net: NetName=3V3 Pin=P5-1
Added Pin To Net: NetName=PA13 Pin=P5-2
Added Pin To Net: NetName=PA14 Pin=P5-3
Added Pin To Net: NetName=GND Pin=P5-4
Added Pin To Net: NetName=NRST Pin=P5-5
Added Pin To Net: NetName=NetP6_1 Pin=P6-1
Added Pin To Net: NetName=CAN_L Pin=P6-2
Added Pin To Net: NetName=NetQ1_1 Pin=Q1-1
Added Pin To Net: NetName=PGND Pin=Q1-2
Added Pin To Net: NetName=NetLS1_2 Pin=Q1-3
Added Pin To Net: NetName=NetHIP1_16 Pin=R1-1
Added Pin To Net: NetName=NetMOS2_1 Pin=R1-2
Added Pin To Net: NetName=NetMOS1_1 Pin=R2-1
Added Pin To Net: NetName=NetHIP1_10 Pin=R2-2
Added Pin To Net: NetName=PA13 Pin=R3-1
Added Pin To Net: NetName=3V3 Pin=R3-2
Added Pin To Net: NetName=NetHIP1_14 Pin=R4-1
Added Pin To Net: NetName=NetMOS4_1 Pin=R4-2
Added Pin To Net: NetName=OSCOUT Pin=R5-1
Added Pin To Net: NetName=OSCIN Pin=R5-2
Added Pin To Net: NetName=GND Pin=R6-1
Added Pin To Net: NetName=PA14 Pin=R6-2
Added Pin To Net: NetName=NetMOS3_1 Pin=R7-1
Added Pin To Net: NetName=NetHIP1_13 Pin=R7-2
Added Pin To Net: NetName=PGND Pin=R8-1
Added Pin To Net: NetName=NetHIP1_5 Pin=R8-2
Added Pin To Net: NetName=3V3 Pin=R9-1
Added Pin To Net: NetName=NetD2_1 Pin=R9-2
Added Pin To Net: NetName=3V3 Pin=R10-1
Added Pin To Net: NetName=NetD4_1 Pin=R10-2
Added Pin To Net: NetName=NetHCPL1_2 Pin=R11-1
Added Pin To Net: NetName=S_A Pin=R11-2
Added Pin To Net: NetName=3.3V Pin=R12-1
Added Pin To Net: NetName=SPEED_A Pin=R12-2
Added Pin To Net: NetName=NetHCPL1_3 Pin=R13-1
Added Pin To Net: NetName=S_B Pin=R13-2
Added Pin To Net: NetName=3.3V Pin=R14-1
Added Pin To Net: NetName=SPEED_B Pin=R14-2
Added Pin To Net: NetName=PGND Pin=R15-1
Added Pin To Net: NetName=GND Pin=R15-2
Added Pin To Net: NetName=NRST Pin=R16-1
Added Pin To Net: NetName=3V3 Pin=R16-2
Added Pin To Net: NetName=NetR17_1 Pin=R17-1
Added Pin To Net: NetName=5V Pin=R17-2
Added Pin To Net: NetName=PGND Pin=R18-1
Added Pin To Net: NetName=NetR17_1 Pin=R18-2
Added Pin To Net: NetName=BOOT0 Pin=R19-1
Added Pin To Net: NetName=GND Pin=R19-2
Added Pin To Net: NetName=RING Pin=R20-1
Added Pin To Net: NetName=NetQ1_1 Pin=R20-2
Added Pin To Net: NetName=BOOT1 Pin=R21-1
Added Pin To Net: NetName=GND Pin=R21-2
Added Pin To Net: NetName=Net1_4 Pin=R22-1
Added Pin To Net: NetName=5V Pin=R22-2
Added Pin To Net: NetName=Net1_3 Pin=R23-1
Added Pin To Net: NetName=12V Pin=R23-2
Added Pin To Net: NetName=PGND Pin=R24-1
Added Pin To Net: NetName=Net1_3 Pin=R24-2
Added Pin To Net: NetName=CAN_H Pin=R25-1
Added Pin To Net: NetName=NetP6_1 Pin=R25-2
Added Pin To Net: NetName=12V Pin=R26-1
Added Pin To Net: NetName=NetD6_1 Pin=R26-2
Added Pin To Net: NetName=VIN Pin=R27-1
Added Pin To Net: NetName=NetD7_1 Pin=R27-2
Added Pin To Net: NetName=5V Pin=R28-1
Added Pin To Net: NetName=NetD8_1 Pin=R28-2
Added Pin To Net: NetName=Net*2_2 Pin=R29-1
Added Pin To Net: NetName=Net*2_1 Pin=R29-2
Added Pin To Net: NetName=PGND Pin=R30-1
Added Pin To Net: NetName=Net*2_2 Pin=R30-2
Added Pin To Net: NetName=VI Pin=R31-1
Added Pin To Net: NetName=Net*2_3 Pin=R31-2
Added Pin To Net: NetName=Net*2_4 Pin=R32-1
Added Pin To Net: NetName=Net*2_3 Pin=R32-2
Added Pin To Net: NetName=VI Pin=Ri1-1
Added Pin To Net: NetName=PGND Pin=Ri1-2
Added Pin To Net: NetName=NRST Pin=S1-1
Added Pin To Net: NetName=GND Pin=S1-2
Added Pin To Net: NetName=CAN_TX Pin=TJA1-1
Added Pin To Net: NetName=GND Pin=TJA1-2
Added Pin To Net: NetName=5V Pin=TJA1-3
Added Pin To Net: NetName=CAN_RX Pin=TJA1-4
Added Pin To Net: NetName=CAN_L Pin=TJA1-6
Added Pin To Net: NetName=CAN_H Pin=TJA1-7
Added Pin To Net: NetName=GND Pin=TJA1-8
Added Pin To Net: NetName=NetC12_1 Pin=TPS1-1
Added Pin To Net: NetName=NetR17_1 Pin=TPS1-4
Added Pin To Net: NetName=PGND Pin=TPS1-6
Added Pin To Net: NetName=VIN Pin=TPS1-7
Added Pin To Net: NetName=NetC12_2 Pin=TPS1-8
Added Pin To Net: NetName=PGND Pin=TPS1-9
Added Pin To Net: NetName=GND Pin=U1-1
Added Pin To Net: NetName=3.3V Pin=U1-2
Added Pin To Net: NetName=5V Pin=U1-3
Added Pin To Net: NetName=OSCOUT Pin=XT1-1
Added Pin To Net: NetName=OSCIN Pin=XT1-2
Added Member To Class: ClassName=Sheet1 Member=Component *1 STM32F103RC
Added Member To Class: ClassName=放大电路 Member=Component *2 LM358ad
Added Member To Class: ClassName=Sheet1 Member=Component 1 LM27313
Added Member To Class: ClassName=Sheet1 Member=Component C1 Cap_0603
Added Member To Class: ClassName=Sheet1 Member=Component C2 Cap_0603
Added Member To Class: ClassName=Sheet1 Member=Component C3 Cap_0603
Added Member To Class: ClassName=Sheet1 Member=Component C4 Cap_0603
Added Member To Class: ClassName=Sheet1 Member=Component C5 Cap_0603
Added Member To Class: ClassName=Sheet1 Member=Component C6 Cap_0603
Added Member To Class: ClassName=Sheet1 Member=Component C7 Cap_0603
Added Member To Class: ClassName=Sheet1 Member=Component C8 Cap_0603
Added Member To Class: ClassName=Sheet1 Member=Component C9 Cap_0603
Added Member To Class: ClassName=Sheet1 Member=Component C10 Cap_0603
Added Member To Class: ClassName=Sheet1 Member=Component C11 Cap_0603
Added Member To Class: ClassName=Sheet1 Member=Component C12 Cap_0603
Added Member To Class: ClassName=Sheet1 Member=Component C13 Cap_0603
Added Member To Class: ClassName=Sheet1 Member=Component C14 Cap_0603
Added Member To Class: ClassName=Sheet1 Member=Component C15 Cap_Tan_0805
Added Member To Class: ClassName=Sheet1 Member=Component C16 Cap_0603
Added Member To Class: ClassName=Sheet1 Member=Component C17 Cap_0603
Added Member To Class: ClassName=Sheet1 Member=Component C18 Cap_0603
Added Member To Class: ClassName=Sheet1 Member=Component C19 Cap_0603
Added Member To Class: ClassName=Sheet1 Member=Component C20 Cap_0603
Added Member To Class: ClassName=Sheet1 Member=Component C21 Cap_Tan_0805
Added Member To Class: ClassName=Sheet1 Member=Component C22 Cap_0603
Added Member To Class: ClassName=Sheet1 Member=Component C23 Cap_Tan_0805
Added Member To Class: ClassName=Sheet1 Member=Component C24 Cap_0603
Added Member To Class: ClassName=Sheet1 Member=Component CV1 680uF
Added Member To Class: ClassName=Sheet1 Member=Component CV2 680uF
Added Member To Class: ClassName=Sheet1 Member=Component D1 Din5819
Added Member To Class: ClassName=Sheet1 Member=Component D2 LED_0805
Added Member To Class: ClassName=Sheet1 Member=Component D3 Din5819
Added Member To Class: ClassName=Sheet1 Member=Component D4 LED_0805
Added Member To Class: ClassName=Sheet1 Member=Component D5 Diode
Added Member To Class: ClassName=Sheet1 Member=Component D6 LED_0603
Added Member To Class: ClassName=Sheet1 Member=Component D7 LED_0603
Added Member To Class: ClassName=Sheet1 Member=Component D8 LED_0603
Added Member To Class: ClassName=Sheet1 Member=Component HCPL1 HCPL0630
Added Member To Class: ClassName=Sheet1 Member=Component HIP1 hip4082
Added Member To Class: ClassName=Sheet1 Member=Component in1 SchottkyDiode_SOD123
Added Member To Class: ClassName=Sheet1 Member=Component L1 Ind_0603
Added Member To Class: ClassName=Sheet1 Member=Component L2 Ind_0603
Added Member To Class: ClassName=Sheet1 Member=Component LS1 Bell
Added Member To Class: ClassName=Sheet1 Member=Component LS2 74LS08
Added Member To Class: ClassName=Sheet1 Member=Component MOS1 MOSFET_N
Added Member To Class: ClassName=Sheet1 Member=Component MOS2 MOSFET_N
Added Member To Class: ClassName=Sheet1 Member=Component MOS3 MOSFET_N
Added Member To Class: ClassName=Sheet1 Member=Component MOS4 MOSFET_N
Added Member To Class: ClassName=Sheet1 Member=Component P1 HDR1x5_2.54
Added Member To Class: ClassName=Sheet1 Member=Component P2 HDR1x6_2.54
Added Member To Class: ClassName=Sheet1 Member=Component P3 HDR1x5_2.54
Added Member To Class: ClassName=Sheet1 Member=Component P4 Header 10
Added Member To Class: ClassName=Sheet1 Member=Component P5 HDR1x5_2.54
Added Member To Class: ClassName=Sheet1 Member=Component P6 HDR1x2_2.54
Added Member To Class: ClassName=Sheet1 Member=Component Q1 BJT_NPN
Added Member To Class: ClassName=Sheet1 Member=Component R1 Res_0603
Added Member To Class: ClassName=Sheet1 Member=Component R2 Res_0603
Added Member To Class: ClassName=Sheet1 Member=Component R3 Res_0603
Added Member To Class: ClassName=Sheet1 Member=Component R4 Res_0603
Added Member To Class: ClassName=Sheet1 Member=Component R5 Res_0603
Added Member To Class: ClassName=Sheet1 Member=Component R6 Res_0603
Added Member To Class: ClassName=Sheet1 Member=Component R7 Res_0603
Added Member To Class: ClassName=Sheet1 Member=Component R8 Res_0603
Added Member To Class: ClassName=Sheet1 Member=Component R9 Res_0603
Added Member To Class: ClassName=Sheet1 Member=Component R10 Res_0603
Added Member To Class: ClassName=Sheet1 Member=Component R11 Res_0603
Added Member To Class: ClassName=Sheet1 Member=Component R12 Res_0603
Added Member To Class: ClassName=Sheet1 Member=Component R13 Res_0603
Added Member To Class: ClassName=Sheet1 Member=Component R14 Res_0603
Added Member To Class: ClassName=Sheet1 Member=Component R15 Res_0603
Added Member To Class: ClassName=Sheet1 Member=Component R16 Res_0603
Added Member To Class: ClassName=Sheet1 Member=Component R17 Res_0603
Added Member To Class: ClassName=Sheet1 Member=Component R18 Res_0603
Added Member To Class: ClassName=Sheet1 Member=Component R19 Res_0603
Added Member To Class: ClassName=Sheet1 Member=Component R20 Res_0603
Added Member To Class: ClassName=Sheet1 Member=Component R21 Res_0603
Added Member To Class: ClassName=Sheet1 Member=Component R22 Res_0603
Added Member To Class: ClassName=Sheet1 Member=Component R23 Res_0603
Added Member To Class: ClassName=Sheet1 Member=Component R24 Res_0603
Added Member To Class: ClassName=Sheet1 Member=Component R25 Res_0603
Added Member To Class: ClassName=Sheet1 Member=Component R26 Res_0603
Added Member To Class: ClassName=Sheet1 Member=Component R27 Res_0603
Added Member To Class: ClassName=Sheet1 Member=Component R28 Res_0603
Added Member To Class: ClassName=放大电路 Member=Component R29 Res_0603
Added Member To Class: ClassName=放大电路 Member=Component R30 Res_0603
Added Member To Class: ClassName=放大电路 Member=Component R31 Res_0603
Added Member To Class: ClassName=放大电路 Member=Component R32 Res_0603
Added Member To Class: ClassName=Sheet1 Member=Component Ri1 Res_0603
Added Member To Class: ClassName=Sheet1 Member=Component S1 ButtonTACT_3x6x2.5_180
Added Member To Class: ClassName=Sheet1 Member=Component TJA1 TJA1050
Added Member To Class: ClassName=Sheet1 Member=Component TPS1 TPS5430
Added Member To Class: ClassName=Sheet1 Member=Component U1 tlv1117-3.3
Added Member To Class: ClassName=Sheet1 Member=Component XT1 XTAL_32.768kHz
Added Room: Name=Sheet1
Added Room: Name=放大电路
