Removed Pin From Net: NetName=VIN Pin=P6-1
Removed Pin From Net: NetName=PGND Pin=P6-2
Removed Pin From Net: NetName=MOT+ Pin=P6-3
Removed Pin From Net: NetName=MOT- Pin=P6-4
Removed Pin From Net: NetName=5V Pin=P6-5
Removed Pin From Net: NetName=S_A Pin=P6-6
Removed Pin From Net: NetName=S_B Pin=P6-7
Removed Pin From Net: NetName=PGND Pin=P6-8
Removed Pin From Net: NetName=CAN_H Pin=P6-9
Removed Pin From Net: NetName=CAN_L Pin=P6-10
Removed Member From Class: ClassName=Sheet1 Member=P6
Added Component: Designator=*(Green_4P)
Add component. Clean all parameters for all variants
Added Component: Designator=Green_6p(Green_6P)
Add component. Clean all parameters for all variants
Added Pin To Net: NetName=PGND Pin=*-1
Added Pin To Net: NetName=CAN_H Pin=*-2
Added Pin To Net: NetName=CAN_L Pin=*-3
Added Pin To Net: NetName=VIN Pin=*-4
Added Pin To Net: NetName=PGND Pin=Green_6p-1
Added Pin To Net: NetName=S_A Pin=Green_6p-2
Added Pin To Net: NetName=S_B Pin=Green_6p-3
Added Pin To Net: NetName=MOT+ Pin=Green_6p-4
Added Pin To Net: NetName=MOT- Pin=Green_6p-5
Added Pin To Net: NetName=5V Pin=Green_6p-6
Added Member To Class: ClassName=Sheet1 Member=Component * Green_4p
Added Member To Class: ClassName=Sheet1 Member=Component Green_6p
