Change Component Designator: Old Designator=C2 New Designator=C3
Change Component Designator: Old Designator=C3 New Designator=C16
Change Component Designator: Old Designator=C4 New Designator=C5
Change Component Designator: Old Designator=C5 New Designator=C6
Change Component Designator: Old Designator=C6 New Designator=C7
Change Component Designator: Old Designator=C7 New Designator=C8
Change Component Designator: Old Designator=C8 New Designator=C9
Change Component Designator: Old Designator=C9 New Designator=C2
Change Component Designator: Old Designator=C11 New Designator=C4
Change Component Designator: Old Designator=C12 New Designator=C11
Change Component Designator: Old Designator=C13 New Designator=C12
Change Component Designator: Old Designator=C14 New Designator=C13
Change Component Designator: Old Designator=C16 New Designator=C14
Change Component Designator: Old Designator=D7 New Designator=D6
Change Component Designator: Old Designator=D8 New Designator=D7
Change Component Designator: Old Designator=D9 New Designator=D8
Change Component Designator: Old Designator=MOS? New Designator=MOS1
Change Component Designator: Old Designator=MOS? New Designator=MOS2
Change Component Designator: Old Designator=MOS? New Designator=MOS3
Change Component Designator: Old Designator=MOS? New Designator=MOS4
Change Component Designator: Old Designator=P1 New Designator=P5
Change Component Designator: Old Designator=P3 New Designator=P1
Change Component Designator: Old Designator=P4 New Designator=P6
Change Component Designator: Old Designator=P5 New Designator=P3
Change Component Designator: Old Designator=P? New Designator=P4
Change Component Designator: Old Designator=Q4 New Designator=Q1
Change Component Designator: Old Designator=R1 New Designator=R3
Change Component Designator: Old Designator=R2 New Designator=R16
Change Component Designator: Old Designator=R3 New Designator=R1
Change Component Designator: Old Designator=R4 New Designator=R2
Change Component Designator: Old Designator=R5 New Designator=R6
Change Component Designator: Old Designator=R6 New Designator=R4
Change Component Designator: Old Designator=R15 New Designator=R5
Change Component Designator: Old Designator=R16 New Designator=R15
Change Component Designator: Old Designator=R18 New Designator=R19
Change Component Designator: Old Designator=R20 New Designator=R21
Change Component Designator: Old Designator=R21 New Designator=R18
Change Component Designator: Old Designator=R27 New Designator=R20
Change Component Designator: Old Designator=R28 New Designator=R22
Change Component Designator: Old Designator=R29 New Designator=R23
Change Component Designator: Old Designator=R30 New Designator=R24
Change Component Designator: Old Designator=R31 New Designator=R25
Change Component Designator: Old Designator=R32 New Designator=R26
Change Component Designator: Old Designator=R33 New Designator=R27
Change Component Designator: Old Designator=R34 New Designator=R28
