Removed Pin From Net: NetName=3V3 Pin=Core1-1
Removed Pin From Net: NetName=3V3 Pin=Core1-2
Change Component Designator: OldDesignator=C9 NewDesignator=C1
Change Component Designator: OldDesignator=C10 NewDesignator=C2
Change Component Designator: OldDesignator=C11 NewDesignator=C3
Change Component Designator: OldDesignator=C12 NewDesignator=C4
Change Component Designator: OldDesignator=C13 NewDesignator=C5
Change Component Designator: OldDesignator=C14 NewDesignator=C6
Change Component Designator: OldDesignator=C15 NewDesignator=C7
Change Component Designator: OldDesignator=C16 NewDesignator=C8
Change Component Designator: OldDesignator=C17 NewDesignator=C9
Change Component Designator: OldDesignator=C18 NewDesignator=C10
Change Component Designator: OldDesignator=C19 NewDesignator=C11
Change Component Designator: OldDesignator=C20 NewDesignator=C12
Change Component Designator: OldDesignator=C21 NewDesignator=C13
Change Component Designator: OldDesignator=C22 NewDesignator=C14
Change Component Designator: OldDesignator=C23 NewDesignator=C15
Change Component Designator: OldDesignator=C24 NewDesignator=C16
Change Component Designator: OldDesignator=C25 NewDesignator=C17
Change Component Designator: OldDesignator=C26 NewDesignator=C18
Change Component Designator: OldDesignator=CAN NewDesignator=CAN1
Change Component Designator: OldDesignator=D5 NewDesignator=D3
Change Component Designator: OldDesignator=F/O NewDesignator=F/O1
Change Component Designator: OldDesignator=P2 NewDesignator=P1
Change Component Designator: OldDesignator=R10 NewDesignator=R1
Change Component Designator: OldDesignator=R11 NewDesignator=R2
Change Component Designator: OldDesignator=R12 NewDesignator=R3
Change Component Designator: OldDesignator=R13 NewDesignator=R4
Change Component Designator: OldDesignator=R14 NewDesignator=R5
Change Component Designator: OldDesignator=R15 NewDesignator=R6
Change Component Designator: OldDesignator=R16 NewDesignator=R7
Change Component Designator: OldDesignator=R17 NewDesignator=R8
Change Component Designator: OldDesignator=R18 NewDesignator=R9
Change Component Designator: OldDesignator=R19 NewDesignator=R10
Change Component Designator: OldDesignator=R20 NewDesignator=R11
Change Component Designator: OldDesignator=R21 NewDesignator=R12
Change Component Designator: OldDesignator=R22 NewDesignator=R13
Change Component Designator: OldDesignator=R23 NewDesignator=R14
Change Component Designator: OldDesignator=R24 NewDesignator=R15
Change Component Designator: OldDesignator=R25 NewDesignator=R16
Change Component Designator: OldDesignator=R26 NewDesignator=R18
Change Component Designator: OldDesignator=R27 NewDesignator=R19
Change Component Designator: OldDesignator=R28 NewDesignator=R20
Change Component Designator: OldDesignator=R29 NewDesignator=R21
Change Component Designator: OldDesignator=R30 NewDesignator=R22
Added Component: Designator=3V3LED(LED_0805_BLUE)
Add component. Clean all parameters for all variants
Added Component: Designator=R17(RES_0603)
Add component. Clean all parameters for all variants
Add component (AddParameter): Name = "Value"; Value = "10K"; VariantName = "[No Variations]"
Added Pin To Net: NetName=PGND Pin=3V3LED-2
Added Pin To Net: NetName=SPEED_A Pin=Core1-10
Added Pin To Net: NetName=SPEED_B Pin=Core1-11
Added Pin To Net: NetName=SPEED2_A Pin=Core1-17
Added Pin To Net: NetName=SPEED2_B Pin=Core1-18
Added Pin To Net: NetName=DIS Pin=Core1-26
Added Pin To Net: NetName=PWMB Pin=Core1-28
Added Pin To Net: NetName=PWMA Pin=Core1-29
Added Pin To Net: NetName=CAN_TX Pin=Core1-38
Added Pin To Net: NetName=CAN_RX Pin=Core1-39
Added Pin To Net: NetName=RXD Pin=Core1-40
Added Pin To Net: NetName=TXD Pin=Core1-41
Added Pin To Net: NetName=PWM2B Pin=Core1-44
Added Pin To Net: NetName=PWM2A Pin=Core1-45
Added Pin To Net: NetName=DIS2 Pin=Core1-47
Added Pin To Net: NetName=3V3 Pin=R17-1
Change Net Name : Old Net Name=NetC10_1 New Net Name=NetC2_1
Change Net Name : Old Net Name=NetC12_1 New Net Name=NetC4_1
Change Net Name : Old Net Name=NetC14_1 New Net Name=NetC6_1
Change Net Name : Old Net Name=NetC21_1 New Net Name=NetC13_1
Change Net Name : Old Net Name=NetC21_2 New Net Name=NetC13_2
Change Net Name : Old Net Name=NetCAN_1 New Net Name=NetCAN1_1
Change Net Name : Old Net Name=NetR20_2 New Net Name=NetR11_2
Change Net Name : Old Net Name=NetR27_1 New Net Name=NetR19_1
Added Pin To Net: NetName=3.3V Pin=Core1-1
Added Pin To Net: NetName=3.3V Pin=Core1-2
Added Net: Name=3.3V
Added Pin To Net: NetName=Net3V3LED_1 Pin=3V3LED-1
Added Pin To Net: NetName=Net3V3LED_1 Pin=R17-2
Added Net: Name=Net3V3LED_1
Added Pin To Net: NetName=RING Pin=Core1-6
Added Net: Name=RING
Added Member To Class: ClassName=tlv117_5_3.3 Member=Component 3V3LED LED_0805
Added Member To Class: ClassName=tlv117_5_3.3 Member=Component R17 Res_0603
